DEBUG 2023-07-13 08:15:13,788 - The dataclass has been init
DEBUG 2023-07-13 08:15:13,937 - Fluent_Data class init
DEBUG 2023-07-13 08:15:13,937 - Hysql has been init
DEBUG 2023-07-13 08:15:14,090 - <mysql.connector.connection_cext.CMySQLConnection object at 0x7f8683947b50>
DEBUG 2023-07-13 08:15:14,104 - Starting new HTTPS connection (1): api.fluent.walchem.com:443
DEBUG 2023-07-13 08:15:25,572 - https://api.fluent.walchem.com:443 "GET /controller/current-readings/2106150620 HTTP/1.1" 200 None
DEBUG 2023-07-13 08:15:25,574 - API_X_RATE_LIMIT Calls left: 30
DEBUG 2023-07-13 08:15:25,581 - DEV_LOOKUP Doing device lookup of 2106150620 with response of <Response [200]>
DEBUG 2023-07-13 08:15:25,585 - READING_FUNC Dataclass hardware name has been assigned Sensor (S11) based on S11
DEBUG 2023-07-13 08:15:25,589 - READING_FUNC Setting the received_datetime to 2023-07-13 08:15:25
DEBUG 2023-07-13 08:15:25,593 - READING_FUNC Dataclass hardware name has been assigned Sensor (S21) based on S21
DEBUG 2023-07-13 08:15:25,597 - READING_FUNC Setting the received_datetime to 2023-07-13 08:15:25
DEBUG 2023-07-13 08:15:25,601 - READING_FUNC Dataclass hardware name has been assigned Sensor Temperature (S12) based on S12
DEBUG 2023-07-13 08:15:25,605 - READING_FUNC Setting the received_datetime to 2023-07-13 08:15:25
DEBUG 2023-07-13 08:15:25,609 - READING_FUNC Dataclass hardware name has been assigned Sensor Temperature (S22) based on S22
DEBUG 2023-07-13 08:15:25,613 - READING_FUNC Setting the received_datetime to 2023-07-13 08:15:25
DEBUG 2023-07-13 08:15:25,617 - READING_FUNC Dataclass hardware name has been assigned FlowMeter Total (D1) based on D1
DEBUG 2023-07-13 08:15:25,621 - READING_FUNC Setting the received_datetime to 2023-07-13 08:15:25
DEBUG 2023-07-13 08:15:25,625 - READING_FUNC Dataclass hardware name has been assigned FlowMeter Rate (D1) based on D1
DEBUG 2023-07-13 08:15:25,629 - READING_FUNC Setting the received_datetime to 2023-07-13 08:15:25
DEBUG 2023-07-13 08:15:25,634 - READING_FUNC Dataclass hardware name has been assigned Generic (D3) based on D2
DEBUG 2023-07-13 08:15:25,638 - READING_FUNC Setting the received_datetime to 2023-07-13 08:15:25
DEBUG 2023-07-13 08:15:25,642 - READING_FUNC Dataclass hardware name has been assigned Generic (D3) based on D2
DEBUG 2023-07-13 08:15:25,646 - READING_FUNC Setting the received_datetime to 2023-07-13 08:15:25
DEBUG 2023-07-13 08:15:25,650 - READING_FUNC Dataclass hardware name has been assigned Generic (D4) based on D4
DEBUG 2023-07-13 08:15:25,654 - READING_FUNC Setting the received_datetime to 2023-07-13 08:15:25
DEBUG 2023-07-13 08:15:25,658 - READING_FUNC Dataclass hardware name has been assigned FlowMaster Rate (D2) based on D3
DEBUG 2023-07-13 08:15:25,662 - READING_FUNC Setting the received_datetime to 2023-07-13 08:15:25
DEBUG 2023-07-13 08:15:25,666 - READING_FUNC Dataclass hardware name has been assigned None based on R1
DEBUG 2023-07-13 08:15:25,670 - READING_FUNC Setting the received_datetime to 2023-07-13 08:15:25
DEBUG 2023-07-13 08:15:25,674 - READING_FUNC Dataclass hardware name has been assigned None based on R2
DEBUG 2023-07-13 08:15:25,678 - READING_FUNC Setting the received_datetime to 2023-07-13 08:15:25
DEBUG 2023-07-13 08:15:25,682 - READING_FUNC Dataclass hardware name has been assigned None based on R3
DEBUG 2023-07-13 08:15:25,686 - READING_FUNC Setting the received_datetime to 2023-07-13 08:15:25
DEBUG 2023-07-13 08:15:25,690 - READING_FUNC Dataclass hardware name has been assigned None based on R4
DEBUG 2023-07-13 08:15:25,694 - READING_FUNC Setting the received_datetime to 2023-07-13 08:15:25
DEBUG 2023-07-13 08:15:25,697 - READING_FUNC Dataclass hardware name has been assigned None based on D6
DEBUG 2023-07-13 08:15:25,702 - READING_FUNC Setting the received_datetime to 2023-07-13 08:15:25
DEBUG 2023-07-13 08:15:25,706 - READING_FUNC Dataclass hardware name has been assigned None based on R6
DEBUG 2023-07-13 08:15:25,711 - READING_FUNC Setting the received_datetime to 2023-07-13 08:15:25
DEBUG 2023-07-13 08:15:25,715 - READING_FUNC Dataclass hardware name has been assigned None based on R5
DEBUG 2023-07-13 08:15:25,720 - READING_FUNC Setting the received_datetime to 2023-07-13 08:15:25
DEBUG 2023-07-13 08:16:11,489 - The dataclass has been init
DEBUG 2023-07-13 08:16:11,538 - Fluent_Data class init
DEBUG 2023-07-13 08:16:11,538 - Hysql has been init
DEBUG 2023-07-13 08:16:11,815 - <mysql.connector.connection_cext.CMySQLConnection object at 0x7fc9b130b950>
DEBUG 2023-07-13 08:16:11,819 - Starting new HTTPS connection (1): api.fluent.walchem.com:443
DEBUG 2023-07-13 08:16:22,080 - https://api.fluent.walchem.com:443 "GET /controller/current-readings/2106150620 HTTP/1.1" 200 None
DEBUG 2023-07-13 08:16:22,081 - API_X_RATE_LIMIT Calls left: 30
DEBUG 2023-07-13 08:16:22,081 - DEV_LOOKUP Doing device lookup of 2106150620 with response of <Response [200]>
DEBUG 2023-07-13 08:16:22,082 - READING_FUNC Dataclass hardware name has been assigned Sensor (S11) based on S11
DEBUG 2023-07-13 08:16:22,082 - READING_FUNC Setting the received_datetime to 2023-07-13 08:16:22
DEBUG 2023-07-13 08:16:22,089 - READING_FUNC Dataclass hardware name has been assigned Sensor Temperature (S12) based on S12
DEBUG 2023-07-13 08:16:22,093 - READING_FUNC Setting the received_datetime to 2023-07-13 08:16:22
DEBUG 2023-07-13 08:16:22,098 - READING_FUNC Dataclass hardware name has been assigned Sensor (S21) based on S21
DEBUG 2023-07-13 08:16:22,102 - READING_FUNC Setting the received_datetime to 2023-07-13 08:16:22
DEBUG 2023-07-13 08:16:22,106 - READING_FUNC Dataclass hardware name has been assigned Sensor Temperature (S22) based on S22
DEBUG 2023-07-13 08:16:22,110 - READING_FUNC Setting the received_datetime to 2023-07-13 08:16:22
DEBUG 2023-07-13 08:16:22,115 - READING_FUNC Dataclass hardware name has been assigned FlowMeter Rate (D1) based on D1
DEBUG 2023-07-13 08:16:22,119 - READING_FUNC Setting the received_datetime to 2023-07-13 08:16:22
DEBUG 2023-07-13 08:16:22,123 - READING_FUNC Dataclass hardware name has been assigned Generic (D3) based on D2
DEBUG 2023-07-13 08:16:22,127 - READING_FUNC Setting the received_datetime to 2023-07-13 08:16:22
DEBUG 2023-07-13 08:16:22,131 - READING_FUNC Dataclass hardware name has been assigned Generic (D3) based on D2
DEBUG 2023-07-13 08:16:22,135 - READING_FUNC Setting the received_datetime to 2023-07-13 08:16:22
DEBUG 2023-07-13 08:16:22,139 - READING_FUNC Dataclass hardware name has been assigned FlowMaster Rate (D2) based on D3
DEBUG 2023-07-13 08:16:22,144 - READING_FUNC Setting the received_datetime to 2023-07-13 08:16:22
DEBUG 2023-07-13 08:16:22,148 - READING_FUNC Dataclass hardware name has been assigned Generic (D4) based on D4
DEBUG 2023-07-13 08:16:22,152 - READING_FUNC Setting the received_datetime to 2023-07-13 08:16:22
DEBUG 2023-07-13 08:16:22,156 - READING_FUNC Dataclass hardware name has been assigned None based on D6
DEBUG 2023-07-13 08:16:22,161 - READING_FUNC Setting the received_datetime to 2023-07-13 08:16:22
DEBUG 2023-07-13 08:16:22,165 - READING_FUNC Dataclass hardware name has been assigned None based on R6
DEBUG 2023-07-13 08:16:22,169 - READING_FUNC Setting the received_datetime to 2023-07-13 08:16:22
DEBUG 2023-07-13 08:16:22,173 - READING_FUNC Dataclass hardware name has been assigned None based on R1
DEBUG 2023-07-13 08:16:22,177 - READING_FUNC Setting the received_datetime to 2023-07-13 08:16:22
DEBUG 2023-07-13 08:16:22,182 - READING_FUNC Dataclass hardware name has been assigned None based on R4
DEBUG 2023-07-13 08:16:22,186 - READING_FUNC Setting the received_datetime to 2023-07-13 08:16:22
DEBUG 2023-07-13 08:16:22,190 - READING_FUNC Dataclass hardware name has been assigned None based on R3
DEBUG 2023-07-13 08:16:22,195 - READING_FUNC Setting the received_datetime to 2023-07-13 08:16:22
DEBUG 2023-07-13 08:16:22,199 - READING_FUNC Dataclass hardware name has been assigned None based on R2
DEBUG 2023-07-13 08:16:22,203 - READING_FUNC Setting the received_datetime to 2023-07-13 08:16:22
DEBUG 2023-07-13 08:16:22,207 - READING_FUNC Dataclass hardware name has been assigned None based on R5
DEBUG 2023-07-13 08:16:22,211 - READING_FUNC Setting the received_datetime to 2023-07-13 08:16:22
DEBUG 2023-07-13 08:17:34,623 - The dataclass has been init
DEBUG 2023-07-13 08:17:34,688 - Fluent_Data class init
DEBUG 2023-07-13 08:17:34,688 - Hysql has been init
DEBUG 2023-07-13 08:17:35,071 - <mysql.connector.connection_cext.CMySQLConnection object at 0x7fdc16c83b90>
DEBUG 2023-07-13 08:17:35,074 - Starting new HTTPS connection (1): api.fluent.walchem.com:443
DEBUG 2023-07-13 08:17:45,132 - https://api.fluent.walchem.com:443 "GET /controller/current-readings/2106150620 HTTP/1.1" 200 None
DEBUG 2023-07-13 08:17:45,132 - API_X_RATE_LIMIT Calls left: 30
DEBUG 2023-07-13 08:17:45,139 - DEV_LOOKUP Doing device lookup of 2106150620 with response of <Response [200]>
DEBUG 2023-07-13 08:17:45,143 - READING_FUNC Dataclass hardware name has been assigned Sensor (S11) based on S11
DEBUG 2023-07-13 08:17:45,147 - READING_FUNC Setting the received_datetime to 2023-07-13 08:17:45
DEBUG 2023-07-13 08:17:45,151 - READING_FUNC Dataclass hardware name has been assigned Sensor Temperature (S12) based on S12
DEBUG 2023-07-13 08:17:45,156 - READING_FUNC Setting the received_datetime to 2023-07-13 08:17:45
DEBUG 2023-07-13 08:17:45,160 - READING_FUNC Dataclass hardware name has been assigned Sensor (S21) based on S21
DEBUG 2023-07-13 08:17:45,164 - READING_FUNC Setting the received_datetime to 2023-07-13 08:17:45
DEBUG 2023-07-13 08:17:45,168 - READING_FUNC Dataclass hardware name has been assigned Sensor Temperature (S22) based on S22
DEBUG 2023-07-13 08:17:45,172 - READING_FUNC Setting the received_datetime to 2023-07-13 08:17:45
DEBUG 2023-07-13 08:17:45,176 - READING_FUNC Dataclass hardware name has been assigned FlowMeter Rate (D1) based on D1
DEBUG 2023-07-13 08:17:45,180 - READING_FUNC Setting the received_datetime to 2023-07-13 08:17:45
DEBUG 2023-07-13 08:17:45,184 - READING_FUNC Dataclass hardware name has been assigned FlowMeter Total (D1) based on D1
DEBUG 2023-07-13 08:17:45,188 - READING_FUNC Setting the received_datetime to 2023-07-13 08:17:45
DEBUG 2023-07-13 08:17:45,193 - READING_FUNC Dataclass hardware name has been assigned Generic (D3) based on D2
DEBUG 2023-07-13 08:17:45,197 - READING_FUNC Setting the received_datetime to 2023-07-13 08:17:45
DEBUG 2023-07-13 08:17:45,201 - READING_FUNC Dataclass hardware name has been assigned Generic (D3) based on D2
DEBUG 2023-07-13 08:17:45,205 - READING_FUNC Setting the received_datetime to 2023-07-13 08:17:45
DEBUG 2023-07-13 08:17:45,208 - READING_FUNC Dataclass hardware name has been assigned Generic (D4) based on D4
DEBUG 2023-07-13 08:17:45,212 - READING_FUNC Setting the received_datetime to 2023-07-13 08:17:45
DEBUG 2023-07-13 08:17:45,216 - READING_FUNC Dataclass hardware name has been assigned None based on D6
DEBUG 2023-07-13 08:17:45,220 - READING_FUNC Setting the received_datetime to 2023-07-13 08:17:45
DEBUG 2023-07-13 08:17:45,224 - READING_FUNC Dataclass hardware name has been assigned None based on R1
DEBUG 2023-07-13 08:17:45,228 - READING_FUNC Setting the received_datetime to 2023-07-13 08:17:45
DEBUG 2023-07-13 08:17:45,232 - READING_FUNC Dataclass hardware name has been assigned None based on R2
DEBUG 2023-07-13 08:17:45,236 - READING_FUNC Setting the received_datetime to 2023-07-13 08:17:45
DEBUG 2023-07-13 08:17:45,240 - READING_FUNC Dataclass hardware name has been assigned None based on R3
DEBUG 2023-07-13 08:17:45,244 - READING_FUNC Setting the received_datetime to 2023-07-13 08:17:45
DEBUG 2023-07-13 08:17:45,248 - READING_FUNC Dataclass hardware name has been assigned None based on R4
DEBUG 2023-07-13 08:17:45,252 - READING_FUNC Setting the received_datetime to 2023-07-13 08:17:45
DEBUG 2023-07-13 08:17:45,256 - READING_FUNC Dataclass hardware name has been assigned None based on R5
DEBUG 2023-07-13 08:17:45,261 - READING_FUNC Setting the received_datetime to 2023-07-13 08:17:45
DEBUG 2023-07-13 08:17:45,265 - READING_FUNC Dataclass hardware name has been assigned FlowMaster Rate (D2) based on D3
DEBUG 2023-07-13 08:17:45,269 - READING_FUNC Setting the received_datetime to 2023-07-13 08:17:45
DEBUG 2023-07-13 08:17:45,273 - READING_FUNC Dataclass hardware name has been assigned None based on R6
DEBUG 2023-07-13 08:17:45,277 - READING_FUNC Setting the received_datetime to 2023-07-13 08:17:45
DEBUG 2023-07-13 08:28:40,812 - The dataclass has been init
DEBUG 2023-07-13 08:28:40,878 - Fluent_Data class init
DEBUG 2023-07-13 08:28:40,879 - Hysql has been init
DEBUG 2023-07-13 08:28:41,070 - <mysql.connector.connection_cext.CMySQLConnection object at 0x7fba38b0f850>
DEBUG 2023-07-13 08:28:41,077 - Starting new HTTPS connection (1): api.fluent.walchem.com:443
DEBUG 2023-07-13 08:28:52,012 - https://api.fluent.walchem.com:443 "GET /controller/current-readings/2106150620 HTTP/1.1" 200 None
DEBUG 2023-07-13 08:28:52,013 - API_X_RATE_LIMIT Calls left: 30
DEBUG 2023-07-13 08:28:52,021 - DEV_LOOKUP Doing device lookup of 2106150620 with response of <Response [200]>
DEBUG 2023-07-13 08:28:52,025 - READING_FUNC Dataclass hardware name has been assigned Sensor (S11) based on S11
DEBUG 2023-07-13 08:28:52,029 - READING_FUNC Setting the received_datetime to 2023-07-13 08:28:52
DEBUG 2023-07-13 08:28:52,034 - READING_FUNC Dataclass hardware name has been assigned Sensor Temperature (S12) based on S12
DEBUG 2023-07-13 08:28:52,038 - READING_FUNC Setting the received_datetime to 2023-07-13 08:28:52
DEBUG 2023-07-13 08:28:52,042 - READING_FUNC Dataclass hardware name has been assigned Sensor (S21) based on S21
DEBUG 2023-07-13 08:28:52,046 - READING_FUNC Setting the received_datetime to 2023-07-13 08:28:52
DEBUG 2023-07-13 08:28:52,050 - READING_FUNC Dataclass hardware name has been assigned FlowMeter Total (D1) based on D1
DEBUG 2023-07-13 08:28:52,054 - READING_FUNC Setting the received_datetime to 2023-07-13 08:28:52
DEBUG 2023-07-13 08:28:52,058 - READING_FUNC Dataclass hardware name has been assigned FlowMeter Rate (D1) based on D1
DEBUG 2023-07-13 08:28:52,062 - READING_FUNC Setting the received_datetime to 2023-07-13 08:28:52
DEBUG 2023-07-13 08:28:52,067 - READING_FUNC Dataclass hardware name has been assigned Generic (D3) based on D2
DEBUG 2023-07-13 08:28:52,071 - READING_FUNC Setting the received_datetime to 2023-07-13 08:28:52
DEBUG 2023-07-13 08:28:52,075 - READING_FUNC Dataclass hardware name has been assigned Generic (D3) based on D2
DEBUG 2023-07-13 08:28:52,079 - READING_FUNC Setting the received_datetime to 2023-07-13 08:28:52
DEBUG 2023-07-13 08:28:52,083 - READING_FUNC Dataclass hardware name has been assigned Sensor Temperature (S22) based on S22
DEBUG 2023-07-13 08:28:52,088 - READING_FUNC Setting the received_datetime to 2023-07-13 08:28:52
DEBUG 2023-07-13 08:28:52,092 - READING_FUNC Dataclass hardware name has been assigned Generic (D4) based on D4
DEBUG 2023-07-13 08:28:52,096 - READING_FUNC Setting the received_datetime to 2023-07-13 08:28:52
DEBUG 2023-07-13 08:28:52,100 - READING_FUNC Dataclass hardware name has been assigned FlowMaster Rate (D2) based on D3
DEBUG 2023-07-13 08:28:52,104 - READING_FUNC Setting the received_datetime to 2023-07-13 08:28:52
DEBUG 2023-07-13 08:28:52,108 - READING_FUNC Dataclass hardware name has been assigned None based on R1
DEBUG 2023-07-13 08:28:52,112 - READING_FUNC Setting the received_datetime to 2023-07-13 08:28:52
DEBUG 2023-07-13 08:28:52,118 - READING_FUNC Dataclass hardware name has been assigned None based on R2
DEBUG 2023-07-13 08:28:52,122 - READING_FUNC Setting the received_datetime to 2023-07-13 08:28:52
DEBUG 2023-07-13 08:28:52,126 - READING_FUNC Dataclass hardware name has been assigned None based on R3
DEBUG 2023-07-13 08:28:52,131 - READING_FUNC Setting the received_datetime to 2023-07-13 08:28:52
DEBUG 2023-07-13 08:28:52,135 - READING_FUNC Dataclass hardware name has been assigned None based on R5
DEBUG 2023-07-13 08:28:52,139 - READING_FUNC Setting the received_datetime to 2023-07-13 08:28:52
DEBUG 2023-07-13 08:28:52,143 - READING_FUNC Dataclass hardware name has been assigned None based on R4
DEBUG 2023-07-13 08:28:52,147 - READING_FUNC Setting the received_datetime to 2023-07-13 08:28:52
DEBUG 2023-07-13 08:29:26,648 - The dataclass has been init
DEBUG 2023-07-13 08:29:26,678 - Fluent_Data class init
DEBUG 2023-07-13 08:29:26,678 - Hysql has been init
DEBUG 2023-07-13 08:29:27,047 - <mysql.connector.connection_cext.CMySQLConnection object at 0x7f9572bab650>
DEBUG 2023-07-13 08:29:27,054 - Starting new HTTPS connection (1): api.fluent.walchem.com:443
DEBUG 2023-07-13 08:29:39,864 - https://api.fluent.walchem.com:443 "GET /controller/current-readings/2106150620 HTTP/1.1" 200 None
DEBUG 2023-07-13 08:29:39,864 - API_X_RATE_LIMIT Calls left: 30
DEBUG 2023-07-13 08:29:39,871 - DEV_LOOKUP Doing device lookup of 2106150620 with response of <Response [200]>
DEBUG 2023-07-13 08:29:39,875 - READING_FUNC Dataclass hardware name has been assigned Sensor (S11) based on S11
DEBUG 2023-07-13 08:29:39,879 - READING_FUNC Setting the received_datetime to 2023-07-13 08:29:39
DEBUG 2023-07-13 08:29:39,883 - READING_FUNC Dataclass hardware name has been assigned Sensor Temperature (S12) based on S12
DEBUG 2023-07-13 08:29:39,887 - READING_FUNC Setting the received_datetime to 2023-07-13 08:29:39
DEBUG 2023-07-13 08:29:39,891 - READING_FUNC Dataclass hardware name has been assigned Sensor (S21) based on S21
DEBUG 2023-07-13 08:29:39,895 - READING_FUNC Setting the received_datetime to 2023-07-13 08:29:39
DEBUG 2023-07-13 08:29:39,899 - READING_FUNC Dataclass hardware name has been assigned Sensor Temperature (S22) based on S22
DEBUG 2023-07-13 08:29:39,903 - READING_FUNC Setting the received_datetime to 2023-07-13 08:29:39
DEBUG 2023-07-13 08:29:39,907 - READING_FUNC Dataclass hardware name has been assigned FlowMeter Rate (D1) based on D1
DEBUG 2023-07-13 08:29:39,911 - READING_FUNC Setting the received_datetime to 2023-07-13 08:29:39
DEBUG 2023-07-13 08:29:39,915 - READING_FUNC Dataclass hardware name has been assigned FlowMeter Total (D1) based on D1
DEBUG 2023-07-13 08:29:39,919 - READING_FUNC Setting the received_datetime to 2023-07-13 08:29:39
DEBUG 2023-07-13 08:29:39,923 - READING_FUNC Dataclass hardware name has been assigned Generic (D3) based on D2
DEBUG 2023-07-13 08:29:39,927 - READING_FUNC Setting the received_datetime to 2023-07-13 08:29:39
DEBUG 2023-07-13 08:29:39,931 - READING_FUNC Dataclass hardware name has been assigned Generic (D3) based on D2
DEBUG 2023-07-13 08:29:39,936 - READING_FUNC Setting the received_datetime to 2023-07-13 08:29:39
DEBUG 2023-07-13 08:29:39,940 - READING_FUNC Dataclass hardware name has been assigned FlowMaster Rate (D2) based on D3
DEBUG 2023-07-13 08:29:39,944 - READING_FUNC Setting the received_datetime to 2023-07-13 08:29:39
DEBUG 2023-07-13 08:29:39,948 - READING_FUNC Dataclass hardware name has been assigned Generic (D4) based on D4
DEBUG 2023-07-13 08:29:39,952 - READING_FUNC Setting the received_datetime to 2023-07-13 08:29:39
DEBUG 2023-07-13 08:29:39,957 - READING_FUNC Dataclass hardware name has been assigned None based on R2
DEBUG 2023-07-13 08:29:39,961 - READING_FUNC Setting the received_datetime to 2023-07-13 08:29:39
DEBUG 2023-07-13 08:29:39,965 - READING_FUNC Dataclass hardware name has been assigned Generic (D6) based on D6
DEBUG 2023-07-13 08:29:39,969 - READING_FUNC Setting the received_datetime to 2023-07-13 08:29:39
DEBUG 2023-07-13 08:29:39,973 - READING_FUNC Dataclass hardware name has been assigned None based on R3
DEBUG 2023-07-13 08:29:39,977 - READING_FUNC Setting the received_datetime to 2023-07-13 08:29:39
DEBUG 2023-07-13 08:29:39,981 - READING_FUNC Dataclass hardware name has been assigned None based on R4
DEBUG 2023-07-13 08:29:39,985 - READING_FUNC Setting the received_datetime to 2023-07-13 08:29:39
DEBUG 2023-07-13 08:29:39,989 - READING_FUNC Dataclass hardware name has been assigned None based on R5
DEBUG 2023-07-13 08:29:39,993 - READING_FUNC Setting the received_datetime to 2023-07-13 08:29:39
DEBUG 2023-07-13 08:29:39,997 - READING_FUNC Dataclass hardware name has been assigned None based on R6
DEBUG 2023-07-13 08:29:40,001 - READING_FUNC Setting the received_datetime to 2023-07-13 08:29:40
DEBUG 2023-07-13 08:29:59,925 - The dataclass has been init
DEBUG 2023-07-13 08:29:59,971 - Fluent_Data class init
DEBUG 2023-07-13 08:29:59,971 - Hysql has been init
DEBUG 2023-07-13 08:30:00,321 - <mysql.connector.connection_cext.CMySQLConnection object at 0x7fc86c27fb50>
DEBUG 2023-07-13 08:30:00,329 - Starting new HTTPS connection (1): api.fluent.walchem.com:443
DEBUG 2023-07-13 08:30:09,787 - https://api.fluent.walchem.com:443 "GET /controller/current-readings/2106150620 HTTP/1.1" 200 None
DEBUG 2023-07-13 08:30:09,788 - API_X_RATE_LIMIT Calls left: 30
DEBUG 2023-07-13 08:30:09,795 - DEV_LOOKUP Doing device lookup of 2106150620 with response of <Response [200]>
DEBUG 2023-07-13 08:30:09,799 - READING_FUNC Dataclass hardware name has been assigned Sensor (S11) based on S11
DEBUG 2023-07-13 08:30:09,803 - READING_FUNC Setting the received_datetime to 2023-07-13 08:30:09
DEBUG 2023-07-13 08:30:09,807 - READING_FUNC Dataclass hardware name has been assigned Sensor Temperature (S12) based on S12
DEBUG 2023-07-13 08:30:09,811 - READING_FUNC Setting the received_datetime to 2023-07-13 08:30:09
DEBUG 2023-07-13 08:30:09,816 - READING_FUNC Dataclass hardware name has been assigned Sensor (S21) based on S21
DEBUG 2023-07-13 08:30:09,820 - READING_FUNC Setting the received_datetime to 2023-07-13 08:30:09
DEBUG 2023-07-13 08:30:09,824 - READING_FUNC Dataclass hardware name has been assigned Sensor Temperature (S22) based on S22
DEBUG 2023-07-13 08:30:09,829 - READING_FUNC Setting the received_datetime to 2023-07-13 08:30:09
DEBUG 2023-07-13 08:30:09,833 - READING_FUNC Dataclass hardware name has been assigned FlowMeter Rate (D1) based on D1
DEBUG 2023-07-13 08:30:09,837 - READING_FUNC Setting the received_datetime to 2023-07-13 08:30:09
DEBUG 2023-07-13 08:30:09,841 - READING_FUNC Dataclass hardware name has been assigned FlowMeter Total (D1) based on D1
DEBUG 2023-07-13 08:30:09,845 - READING_FUNC Setting the received_datetime to 2023-07-13 08:30:09
DEBUG 2023-07-13 08:30:09,849 - READING_FUNC Dataclass hardware name has been assigned Generic (D3) based on D2
DEBUG 2023-07-13 08:30:09,853 - READING_FUNC Setting the received_datetime to 2023-07-13 08:30:09
DEBUG 2023-07-13 08:30:09,857 - READING_FUNC Dataclass hardware name has been assigned Generic (D3) based on D2
DEBUG 2023-07-13 08:30:09,861 - READING_FUNC Setting the received_datetime to 2023-07-13 08:30:09
DEBUG 2023-07-13 08:30:09,865 - READING_FUNC Dataclass hardware name has been assigned FlowMaster Rate (D2) based on D3
DEBUG 2023-07-13 08:30:09,869 - READING_FUNC Setting the received_datetime to 2023-07-13 08:30:09
DEBUG 2023-07-13 08:30:09,873 - READING_FUNC Dataclass hardware name has been assigned Generic (D4) based on D4
DEBUG 2023-07-13 08:30:09,877 - READING_FUNC Setting the received_datetime to 2023-07-13 08:30:09
DEBUG 2023-07-13 08:30:09,880 - READING_FUNC Dataclass hardware name has been assigned Generic (D6) based on D6
DEBUG 2023-07-13 08:30:09,884 - READING_FUNC Setting the received_datetime to 2023-07-13 08:30:09
DEBUG 2023-07-13 08:30:09,888 - READING_FUNC Dataclass hardware name has been assigned None based on R1
DEBUG 2023-07-13 08:30:09,893 - READING_FUNC Setting the received_datetime to 2023-07-13 08:30:09
DEBUG 2023-07-13 08:30:09,897 - READING_FUNC Dataclass hardware name has been assigned None based on R2
DEBUG 2023-07-13 08:30:09,901 - READING_FUNC Setting the received_datetime to 2023-07-13 08:30:09
DEBUG 2023-07-13 08:30:09,905 - READING_FUNC Dataclass hardware name has been assigned None based on R3
DEBUG 2023-07-13 08:30:09,909 - READING_FUNC Setting the received_datetime to 2023-07-13 08:30:09
DEBUG 2023-07-13 08:30:09,913 - READING_FUNC Dataclass hardware name has been assigned None based on R4
DEBUG 2023-07-13 08:30:09,917 - READING_FUNC Setting the received_datetime to 2023-07-13 08:30:09
DEBUG 2023-07-13 08:30:09,922 - READING_FUNC Dataclass hardware name has been assigned None based on R5
DEBUG 2023-07-13 08:30:09,926 - READING_FUNC Setting the received_datetime to 2023-07-13 08:30:09
DEBUG 2023-07-13 08:30:09,930 - READING_FUNC Dataclass hardware name has been assigned None based on R6
DEBUG 2023-07-13 08:30:09,934 - READING_FUNC Setting the received_datetime to 2023-07-13 08:30:09
DEBUG 2023-07-13 08:30:10,104 - SQL_FUNC Looking up device 2106150620
DEBUG 2023-07-13 08:30:10,104 - READING_FUNC Setting the installation ID to 486
DEBUG 2023-07-13 08:30:10,111 - READING_FUNC Setting the posted time to 2023-07-13 08:30:00
DEBUG 2023-07-13 08:30:10,116 - SQL_FUNC Inserting data into DB using: INSERT INTO myhytec_dotcomdb.oi4h8_installation_data (installations_installation_id, received_datetime, hardware_name, custom_name, units, data_value, posted) VALUES (%s, %s, %s, %s, %s, %s, %s);
DEBUG 2023-07-13 08:30:10,138 - SQL_WRITE 1 records inserted.
DEBUG 2023-07-13 08:30:10,138 - Inserted Sensor (S11) into DB
DEBUG 2023-07-13 08:30:10,138 - READING_FUNC Setting the installation ID to 486
DEBUG 2023-07-13 08:30:10,142 - READING_FUNC Setting the posted time to 2023-07-13 08:30:00
DEBUG 2023-07-13 08:30:10,146 - SQL_FUNC Inserting data into DB using: INSERT INTO myhytec_dotcomdb.oi4h8_installation_data (installations_installation_id, received_datetime, hardware_name, custom_name, units, data_value, posted) VALUES (%s, %s, %s, %s, %s, %s, %s);
DEBUG 2023-07-13 08:30:10,164 - SQL_WRITE 1 records inserted.
DEBUG 2023-07-13 08:30:10,164 - Inserted Sensor Temperature (S12) into DB
DEBUG 2023-07-13 08:30:10,164 - READING_FUNC Setting the installation ID to 486
DEBUG 2023-07-13 08:30:10,169 - READING_FUNC Setting the posted time to 2023-07-13 08:30:00
DEBUG 2023-07-13 08:30:10,173 - SQL_FUNC Inserting data into DB using: INSERT INTO myhytec_dotcomdb.oi4h8_installation_data (installations_installation_id, received_datetime, hardware_name, custom_name, units, data_value, posted) VALUES (%s, %s, %s, %s, %s, %s, %s);
DEBUG 2023-07-13 08:30:10,193 - SQL_WRITE 1 records inserted.
DEBUG 2023-07-13 08:30:10,193 - Inserted Sensor (S21) into DB
DEBUG 2023-07-13 08:30:10,194 - READING_FUNC Setting the installation ID to 486
DEBUG 2023-07-13 08:30:10,198 - READING_FUNC Setting the posted time to 2023-07-13 08:30:00
DEBUG 2023-07-13 08:30:10,202 - SQL_FUNC Inserting data into DB using: INSERT INTO myhytec_dotcomdb.oi4h8_installation_data (installations_installation_id, received_datetime, hardware_name, custom_name, units, data_value, posted) VALUES (%s, %s, %s, %s, %s, %s, %s);
DEBUG 2023-07-13 08:30:10,222 - SQL_WRITE 1 records inserted.
DEBUG 2023-07-13 08:30:10,222 - Inserted Sensor Temperature (S22) into DB
DEBUG 2023-07-13 08:30:10,222 - READING_FUNC Setting the installation ID to 486
DEBUG 2023-07-13 08:30:10,226 - READING_FUNC Setting the posted time to 2023-07-13 08:30:00
DEBUG 2023-07-13 08:30:10,231 - SQL_FUNC Inserting data into DB using: INSERT INTO myhytec_dotcomdb.oi4h8_installation_data (installations_installation_id, received_datetime, hardware_name, custom_name, units, data_value, posted) VALUES (%s, %s, %s, %s, %s, %s, %s);
DEBUG 2023-07-13 08:30:10,249 - SQL_WRITE 1 records inserted.
DEBUG 2023-07-13 08:30:10,249 - Inserted FlowMeter Rate (D1) into DB
DEBUG 2023-07-13 08:30:10,249 - READING_FUNC Setting the installation ID to 486
DEBUG 2023-07-13 08:30:10,254 - READING_FUNC Setting the posted time to 2023-07-13 08:30:00
DEBUG 2023-07-13 08:30:10,258 - SQL_FUNC Inserting data into DB using: INSERT INTO myhytec_dotcomdb.oi4h8_installation_data (installations_installation_id, received_datetime, hardware_name, custom_name, units, data_value, posted) VALUES (%s, %s, %s, %s, %s, %s, %s);
DEBUG 2023-07-13 08:30:10,275 - SQL_WRITE 1 records inserted.
DEBUG 2023-07-13 08:30:10,275 - Inserted FlowMeter Total (D1) into DB
DEBUG 2023-07-13 08:30:10,275 - READING_FUNC Setting the installation ID to 486
DEBUG 2023-07-13 08:30:10,279 - READING_FUNC Setting the posted time to 2023-07-13 08:30:00
DEBUG 2023-07-13 08:30:10,283 - SQL_FUNC Inserting data into DB using: INSERT INTO myhytec_dotcomdb.oi4h8_installation_data (installations_installation_id, received_datetime, hardware_name, custom_name, units, data_value, posted) VALUES (%s, %s, %s, %s, %s, %s, %s);
DEBUG 2023-07-13 08:30:10,304 - SQL_WRITE 1 records inserted.
DEBUG 2023-07-13 08:30:10,305 - Inserted Generic (D3) into DB
DEBUG 2023-07-13 08:30:10,305 - READING_FUNC Setting the installation ID to 486
DEBUG 2023-07-13 08:30:10,305 - READING_FUNC Setting the posted time to 2023-07-13 08:30:00
DEBUG 2023-07-13 08:30:10,305 - SQL_FUNC Inserting data into DB using: INSERT INTO myhytec_dotcomdb.oi4h8_installation_data (installations_installation_id, received_datetime, hardware_name, custom_name, units, data_value, posted) VALUES (%s, %s, %s, %s, %s, %s, %s);
DEBUG 2023-07-13 08:30:10,319 - SQL_WRITE 1 records inserted.
DEBUG 2023-07-13 08:30:10,319 - Inserted Generic (D3) into DB
DEBUG 2023-07-13 08:30:10,319 - READING_FUNC Setting the installation ID to 486
DEBUG 2023-07-13 08:30:10,323 - READING_FUNC Setting the posted time to 2023-07-13 08:30:00
DEBUG 2023-07-13 08:30:10,327 - SQL_FUNC Inserting data into DB using: INSERT INTO myhytec_dotcomdb.oi4h8_installation_data (installations_installation_id, received_datetime, hardware_name, custom_name, units, data_value, posted) VALUES (%s, %s, %s, %s, %s, %s, %s);
DEBUG 2023-07-13 08:30:10,347 - SQL_WRITE 1 records inserted.
DEBUG 2023-07-13 08:30:10,347 - Inserted FlowMaster Rate (D2) into DB
DEBUG 2023-07-13 08:30:10,347 - READING_FUNC Setting the installation ID to 486
DEBUG 2023-07-13 08:30:10,352 - READING_FUNC Setting the posted time to 2023-07-13 08:30:00
DEBUG 2023-07-13 08:30:10,357 - SQL_FUNC Inserting data into DB using: INSERT INTO myhytec_dotcomdb.oi4h8_installation_data (installations_installation_id, received_datetime, hardware_name, custom_name, units, data_value, posted) VALUES (%s, %s, %s, %s, %s, %s, %s);
DEBUG 2023-07-13 08:30:10,375 - SQL_WRITE 1 records inserted.
DEBUG 2023-07-13 08:30:10,375 - Inserted Generic (D4) into DB
DEBUG 2023-07-13 08:30:10,375 - READING_FUNC Setting the installation ID to 486
DEBUG 2023-07-13 08:30:10,380 - READING_FUNC Setting the posted time to 2023-07-13 08:30:00
DEBUG 2023-07-13 08:30:10,385 - SQL_FUNC Inserting data into DB using: INSERT INTO myhytec_dotcomdb.oi4h8_installation_data (installations_installation_id, received_datetime, hardware_name, custom_name, units, data_value, posted) VALUES (%s, %s, %s, %s, %s, %s, %s);
DEBUG 2023-07-13 08:30:10,403 - SQL_WRITE 1 records inserted.
DEBUG 2023-07-13 08:30:10,403 - Inserted Generic (D6) into DB
DEBUG 2023-07-13 08:30:10,403 - READING_FUNC Setting the installation ID to 486
DEBUG 2023-07-13 08:30:10,407 - Skipping R1
DEBUG 2023-07-13 08:30:10,412 - READING_FUNC Setting the installation ID to 486
DEBUG 2023-07-13 08:30:10,416 - Skipping R2
DEBUG 2023-07-13 08:30:10,420 - READING_FUNC Setting the installation ID to 486
DEBUG 2023-07-13 08:30:10,424 - Skipping R3
DEBUG 2023-07-13 08:30:10,427 - READING_FUNC Setting the installation ID to 486
DEBUG 2023-07-13 08:30:10,431 - Skipping R4
DEBUG 2023-07-13 08:30:10,435 - READING_FUNC Setting the installation ID to 486
DEBUG 2023-07-13 08:30:10,439 - Skipping R5
DEBUG 2023-07-13 08:30:10,442 - READING_FUNC Setting the installation ID to 486
DEBUG 2023-07-13 08:30:10,446 - Skipping R6
DEBUG 2023-07-13 08:35:38,140 - The dataclass has been init
DEBUG 2023-07-13 08:35:38,194 - Fluent_Data class init
DEBUG 2023-07-13 08:35:38,194 - Hysql has been init
DEBUG 2023-07-13 08:35:38,551 - <mysql.connector.connection_cext.CMySQLConnection object at 0x7fab93a83b90>
DEBUG 2023-07-13 08:35:38,557 - Starting new HTTPS connection (1): api.fluent.walchem.com:443
DEBUG 2023-07-13 08:35:49,490 - https://api.fluent.walchem.com:443 "GET /controller/current-readings/1705301234 HTTP/1.1" 200 None
DEBUG 2023-07-13 08:35:49,491 - API_X_RATE_LIMIT Calls left: 30
DEBUG 2023-07-13 08:35:49,498 - DEV_LOOKUP Doing device lookup of 1705301234 with response of <Response [200]>
DEBUG 2023-07-13 08:35:49,502 - READING_FUNC Dataclass hardware name has been assigned Sensor (S11) based on S11
DEBUG 2023-07-13 08:35:49,506 - READING_FUNC Setting the received_datetime to 2023-07-13 08:35:49
DEBUG 2023-07-13 08:35:49,510 - READING_FUNC Dataclass hardware name has been assigned Sensor Temperature (S12) based on S12
DEBUG 2023-07-13 08:35:49,514 - READING_FUNC Setting the received_datetime to 2023-07-13 08:35:49
DEBUG 2023-07-13 08:35:49,518 - READING_FUNC Dataclass hardware name has been assigned Sensor (S21) based on S21
DEBUG 2023-07-13 08:35:49,522 - READING_FUNC Setting the received_datetime to 2023-07-13 08:35:49
DEBUG 2023-07-13 08:35:49,526 - READING_FUNC Dataclass hardware name has been assigned FlowMeter Rate (D1) based on D1
DEBUG 2023-07-13 08:35:49,530 - READING_FUNC Setting the received_datetime to 2023-07-13 08:35:49
DEBUG 2023-07-13 08:35:49,534 - READING_FUNC Dataclass hardware name has been assigned FlowMeter Total (D1) based on D1
DEBUG 2023-07-13 08:35:49,538 - READING_FUNC Setting the received_datetime to 2023-07-13 08:35:49
DEBUG 2023-07-13 08:35:49,542 - READING_FUNC Dataclass hardware name has been assigned Sensor Temperature (S22) based on S22
DEBUG 2023-07-13 08:35:49,546 - READING_FUNC Setting the received_datetime to 2023-07-13 08:35:49
DEBUG 2023-07-13 08:35:49,551 - READING_FUNC Dataclass hardware name has been assigned Generic (D2) based on D2
DEBUG 2023-07-13 08:35:49,555 - READING_FUNC Setting the received_datetime to 2023-07-13 08:35:49
DEBUG 2023-07-13 08:35:49,559 - READING_FUNC Dataclass hardware name has been assigned Generic (D3) based on D3
DEBUG 2023-07-13 08:35:49,563 - READING_FUNC Setting the received_datetime to 2023-07-13 08:35:49
DEBUG 2023-07-13 08:35:49,568 - READING_FUNC Dataclass hardware name has been assigned None based on R1
DEBUG 2023-07-13 08:35:49,572 - READING_FUNC Setting the received_datetime to 2023-07-13 08:35:49
DEBUG 2023-07-13 08:35:49,576 - READING_FUNC Dataclass hardware name has been assigned None based on R3
DEBUG 2023-07-13 08:35:49,580 - READING_FUNC Setting the received_datetime to 2023-07-13 08:35:49
DEBUG 2023-07-13 08:35:49,585 - READING_FUNC Dataclass hardware name has been assigned None based on R4
DEBUG 2023-07-13 08:35:49,589 - READING_FUNC Setting the received_datetime to 2023-07-13 08:35:49
DEBUG 2023-07-13 08:35:49,593 - READING_FUNC Dataclass hardware name has been assigned None based on R2
DEBUG 2023-07-13 08:35:49,597 - READING_FUNC Setting the received_datetime to 2023-07-13 08:35:49
DEBUG 2023-07-13 08:35:49,601 - READING_FUNC Dataclass hardware name has been assigned None based on R5
DEBUG 2023-07-13 08:35:49,605 - READING_FUNC Setting the received_datetime to 2023-07-13 08:35:49
DEBUG 2023-07-13 08:35:49,609 - READING_FUNC Dataclass hardware name has been assigned None based on R6
DEBUG 2023-07-13 08:35:49,613 - READING_FUNC Setting the received_datetime to 2023-07-13 08:35:49
DEBUG 2023-07-13 08:36:11,820 - The dataclass has been init
DEBUG 2023-07-13 08:36:11,854 - Fluent_Data class init
DEBUG 2023-07-13 08:36:11,854 - Hysql has been init
DEBUG 2023-07-13 08:36:12,035 - <mysql.connector.connection_cext.CMySQLConnection object at 0x7fd2909839d0>
DEBUG 2023-07-13 08:36:12,043 - Starting new HTTPS connection (1): api.fluent.walchem.com:443
DEBUG 2023-07-13 08:36:22,321 - https://api.fluent.walchem.com:443 "GET /controller/current-readings/1705301234 HTTP/1.1" 200 None
DEBUG 2023-07-13 08:36:22,322 - API_X_RATE_LIMIT Calls left: 30
DEBUG 2023-07-13 08:36:22,333 - DEV_LOOKUP Doing device lookup of 1705301234 with response of <Response [200]>
DEBUG 2023-07-13 08:36:22,338 - READING_FUNC Dataclass hardware name has been assigned Sensor (S11) based on S11
DEBUG 2023-07-13 08:36:22,343 - READING_FUNC Setting the received_datetime to 2023-07-13 08:36:22
DEBUG 2023-07-13 08:36:22,348 - READING_FUNC Dataclass hardware name has been assigned Sensor Temperature (S12) based on S12
DEBUG 2023-07-13 08:36:22,352 - READING_FUNC Setting the received_datetime to 2023-07-13 08:36:22
DEBUG 2023-07-13 08:36:22,357 - READING_FUNC Dataclass hardware name has been assigned Sensor (S21) based on S21
DEBUG 2023-07-13 08:36:22,361 - READING_FUNC Setting the received_datetime to 2023-07-13 08:36:22
DEBUG 2023-07-13 08:36:22,365 - READING_FUNC Dataclass hardware name has been assigned Sensor Temperature (S22) based on S22
DEBUG 2023-07-13 08:36:22,370 - READING_FUNC Setting the received_datetime to 2023-07-13 08:36:22
DEBUG 2023-07-13 08:36:22,374 - READING_FUNC Dataclass hardware name has been assigned FlowMeter Total (D1) based on D1
DEBUG 2023-07-13 08:36:22,378 - READING_FUNC Setting the received_datetime to 2023-07-13 08:36:22
DEBUG 2023-07-13 08:36:22,383 - READING_FUNC Dataclass hardware name has been assigned FlowMeter Rate (D1) based on D1
DEBUG 2023-07-13 08:36:22,387 - READING_FUNC Setting the received_datetime to 2023-07-13 08:36:22
DEBUG 2023-07-13 08:36:22,390 - READING_FUNC Dataclass hardware name has been assigned Generic (D2) based on D2
DEBUG 2023-07-13 08:36:22,394 - READING_FUNC Setting the received_datetime to 2023-07-13 08:36:22
DEBUG 2023-07-13 08:36:22,398 - READING_FUNC Dataclass hardware name has been assigned Generic (D3) based on D3
DEBUG 2023-07-13 08:36:22,402 - READING_FUNC Setting the received_datetime to 2023-07-13 08:36:22
DEBUG 2023-07-13 08:36:22,406 - READING_FUNC Dataclass hardware name has been assigned None based on R1
DEBUG 2023-07-13 08:36:22,409 - READING_FUNC Setting the received_datetime to 2023-07-13 08:36:22
DEBUG 2023-07-13 08:36:22,409 - READING_FUNC Dataclass hardware name has been assigned None based on R2
DEBUG 2023-07-13 08:36:22,413 - READING_FUNC Setting the received_datetime to 2023-07-13 08:36:22
DEBUG 2023-07-13 08:36:22,417 - READING_FUNC Dataclass hardware name has been assigned None based on R3
DEBUG 2023-07-13 08:36:22,421 - READING_FUNC Setting the received_datetime to 2023-07-13 08:36:22
DEBUG 2023-07-13 08:36:22,426 - READING_FUNC Dataclass hardware name has been assigned None based on R4
DEBUG 2023-07-13 08:36:22,430 - READING_FUNC Setting the received_datetime to 2023-07-13 08:36:22
DEBUG 2023-07-13 08:36:22,434 - READING_FUNC Dataclass hardware name has been assigned None based on R6
DEBUG 2023-07-13 08:36:22,438 - READING_FUNC Setting the received_datetime to 2023-07-13 08:36:22
DEBUG 2023-07-13 08:36:22,442 - READING_FUNC Dataclass hardware name has been assigned None based on R5
DEBUG 2023-07-13 08:36:22,447 - READING_FUNC Setting the received_datetime to 2023-07-13 08:36:22
DEBUG 2023-07-13 08:36:22,731 - SQL_FUNC Looking up device 1705301234
ERROR 2023-07-13 08:36:22,731 - LOG_ERROR This device 1705301234 failed with following error list index out of range 
 Readings(dev_serial=1705301234, custom_name='AquaSoft', ch_num='S11', ch_type='C_COND', subch_type='VALUE', data_value='36', units='ppm', hardware_name='Sensor (S11)', installation_id=None, received_datetime='2023-07-13 08:36:22', posted=None)
DEBUG 2023-07-13 08:45:03,872 - The dataclass has been init
DEBUG 2023-07-13 08:45:03,925 - Fluent_Data class init
DEBUG 2023-07-13 08:45:03,925 - Hysql has been init
DEBUG 2023-07-13 08:45:04,117 - <mysql.connector.connection_cext.CMySQLConnection object at 0x7f51f94abed0>
DEBUG 2023-07-13 08:45:04,125 - Starting new HTTPS connection (1): api.fluent.walchem.com:443
DEBUG 2023-07-13 08:45:15,645 - https://api.fluent.walchem.com:443 "GET /controller/current-readings/1705301234 HTTP/1.1" 200 None
DEBUG 2023-07-13 08:45:15,645 - API_X_RATE_LIMIT Calls left: 30
DEBUG 2023-07-13 08:45:15,653 - DEV_LOOKUP Doing device lookup of 1705301234 with response of <Response [200]>
DEBUG 2023-07-13 08:45:15,657 - READING_FUNC Dataclass hardware name has been assigned Sensor (S11) based on S11
DEBUG 2023-07-13 08:45:15,662 - READING_FUNC Setting the received_datetime to 2023-07-13 08:45:15
DEBUG 2023-07-13 08:45:15,667 - READING_FUNC Dataclass hardware name has been assigned Sensor Temperature (S12) based on S12
DEBUG 2023-07-13 08:45:15,672 - READING_FUNC Setting the received_datetime to 2023-07-13 08:45:15
DEBUG 2023-07-13 08:45:15,676 - READING_FUNC Dataclass hardware name has been assigned Sensor (S21) based on S21
DEBUG 2023-07-13 08:45:15,681 - READING_FUNC Setting the received_datetime to 2023-07-13 08:45:15
DEBUG 2023-07-13 08:45:15,686 - READING_FUNC Dataclass hardware name has been assigned FlowMeter Rate (D1) based on D1
DEBUG 2023-07-13 08:45:15,690 - READING_FUNC Setting the received_datetime to 2023-07-13 08:45:15
DEBUG 2023-07-13 08:45:15,695 - READING_FUNC Dataclass hardware name has been assigned FlowMeter Total (D1) based on D1
DEBUG 2023-07-13 08:45:15,699 - READING_FUNC Setting the received_datetime to 2023-07-13 08:45:15
DEBUG 2023-07-13 08:45:15,704 - READING_FUNC Dataclass hardware name has been assigned Sensor Temperature (S22) based on S22
DEBUG 2023-07-13 08:45:15,709 - READING_FUNC Setting the received_datetime to 2023-07-13 08:45:15
DEBUG 2023-07-13 08:45:15,713 - READING_FUNC Dataclass hardware name has been assigned Generic (D3) based on D3
DEBUG 2023-07-13 08:45:15,717 - READING_FUNC Setting the received_datetime to 2023-07-13 08:45:15
DEBUG 2023-07-13 08:45:15,721 - READING_FUNC Dataclass hardware name has been assigned None based on R1
DEBUG 2023-07-13 08:45:15,725 - READING_FUNC Setting the received_datetime to 2023-07-13 08:45:15
DEBUG 2023-07-13 08:45:15,729 - READING_FUNC Dataclass hardware name has been assigned Generic (D2) based on D2
DEBUG 2023-07-13 08:45:15,733 - READING_FUNC Setting the received_datetime to 2023-07-13 08:45:15
DEBUG 2023-07-13 08:45:15,737 - READING_FUNC Dataclass hardware name has been assigned None based on R3
DEBUG 2023-07-13 08:45:15,741 - READING_FUNC Setting the received_datetime to 2023-07-13 08:45:15
DEBUG 2023-07-13 08:45:15,745 - READING_FUNC Dataclass hardware name has been assigned None based on R4
DEBUG 2023-07-13 08:45:15,749 - READING_FUNC Setting the received_datetime to 2023-07-13 08:45:15
DEBUG 2023-07-13 08:45:15,753 - READING_FUNC Dataclass hardware name has been assigned None based on R6
DEBUG 2023-07-13 08:45:15,757 - READING_FUNC Setting the received_datetime to 2023-07-13 08:45:15
DEBUG 2023-07-13 08:45:15,761 - READING_FUNC Dataclass hardware name has been assigned None based on R2
DEBUG 2023-07-13 08:45:15,764 - READING_FUNC Setting the received_datetime to 2023-07-13 08:45:15
DEBUG 2023-07-13 08:45:16,039 - SQL_FUNC Looking up device 1705301234
ERROR 2023-07-13 08:45:16,039 - LOG_ERROR This device 1705301234 failed with following error list index out of range 
 Readings(dev_serial=1705301234, custom_name='AquaSoft', ch_num='S11', ch_type='C_COND', subch_type='VALUE', data_value='36', units='ppm', hardware_name='Sensor (S11)', installation_id=None, received_datetime='2023-07-13 08:45:15', posted=None)
DEBUG 2023-07-13 08:47:00,463 - The dataclass has been init
DEBUG 2023-07-13 08:47:00,522 - Fluent_Data class init
DEBUG 2023-07-13 08:47:00,522 - Hysql has been init
DEBUG 2023-07-13 08:47:00,845 - <mysql.connector.connection_cext.CMySQLConnection object at 0x7f8c58c83b90>
DEBUG 2023-07-13 08:47:00,853 - Starting new HTTPS connection (1): api.fluent.walchem.com:443
DEBUG 2023-07-13 08:47:14,794 - https://api.fluent.walchem.com:443 "GET /controller/current-readings/1705301234 HTTP/1.1" 200 None
DEBUG 2023-07-13 08:47:14,795 - API_X_RATE_LIMIT Calls left: 30
DEBUG 2023-07-13 08:47:14,800 - DEV_LOOKUP Doing device lookup of 1705301234 with response of <Response [200]>
DEBUG 2023-07-13 08:47:14,804 - READING_FUNC Dataclass hardware name has been assigned Sensor (S11) based on S11
DEBUG 2023-07-13 08:47:14,808 - READING_FUNC Setting the received_datetime to 2023-07-13 08:47:14
DEBUG 2023-07-13 08:47:14,813 - READING_FUNC Dataclass hardware name has been assigned Sensor Temperature (S12) based on S12
DEBUG 2023-07-13 08:47:14,817 - READING_FUNC Setting the received_datetime to 2023-07-13 08:47:14
DEBUG 2023-07-13 08:47:14,822 - READING_FUNC Dataclass hardware name has been assigned Sensor (S21) based on S21
DEBUG 2023-07-13 08:47:14,827 - READING_FUNC Setting the received_datetime to 2023-07-13 08:47:14
DEBUG 2023-07-13 08:47:14,831 - READING_FUNC Dataclass hardware name has been assigned FlowMeter Total (D1) based on D1
DEBUG 2023-07-13 08:47:14,835 - READING_FUNC Setting the received_datetime to 2023-07-13 08:47:14
DEBUG 2023-07-13 08:47:14,839 - READING_FUNC Dataclass hardware name has been assigned FlowMeter Rate (D1) based on D1
DEBUG 2023-07-13 08:47:14,843 - READING_FUNC Setting the received_datetime to 2023-07-13 08:47:14
DEBUG 2023-07-13 08:47:14,848 - READING_FUNC Dataclass hardware name has been assigned Sensor Temperature (S22) based on S22
DEBUG 2023-07-13 08:47:14,852 - READING_FUNC Setting the received_datetime to 2023-07-13 08:47:14
DEBUG 2023-07-13 08:47:14,856 - READING_FUNC Dataclass hardware name has been assigned Generic (D3) based on D3
DEBUG 2023-07-13 08:47:14,860 - READING_FUNC Setting the received_datetime to 2023-07-13 08:47:14
DEBUG 2023-07-13 08:47:14,864 - READING_FUNC Dataclass hardware name has been assigned Generic (D2) based on D2
DEBUG 2023-07-13 08:47:14,868 - READING_FUNC Setting the received_datetime to 2023-07-13 08:47:14
DEBUG 2023-07-13 08:47:14,872 - READING_FUNC Dataclass hardware name has been assigned None based on R1
DEBUG 2023-07-13 08:47:14,876 - READING_FUNC Setting the received_datetime to 2023-07-13 08:47:14
DEBUG 2023-07-13 08:47:14,880 - READING_FUNC Dataclass hardware name has been assigned None based on R2
DEBUG 2023-07-13 08:47:14,884 - READING_FUNC Setting the received_datetime to 2023-07-13 08:47:14
DEBUG 2023-07-13 08:47:14,889 - READING_FUNC Dataclass hardware name has been assigned None based on R3
DEBUG 2023-07-13 08:47:14,893 - READING_FUNC Setting the received_datetime to 2023-07-13 08:47:14
DEBUG 2023-07-13 08:47:14,898 - READING_FUNC Dataclass hardware name has been assigned None based on R4
DEBUG 2023-07-13 08:47:14,902 - READING_FUNC Setting the received_datetime to 2023-07-13 08:47:14
DEBUG 2023-07-13 08:47:14,906 - READING_FUNC Dataclass hardware name has been assigned None based on R5
DEBUG 2023-07-13 08:47:14,910 - READING_FUNC Setting the received_datetime to 2023-07-13 08:47:14
DEBUG 2023-07-13 08:47:14,915 - READING_FUNC Dataclass hardware name has been assigned None based on R6
DEBUG 2023-07-13 08:47:14,919 - READING_FUNC Setting the received_datetime to 2023-07-13 08:47:14
DEBUG 2023-07-13 08:58:58,924 - The dataclass has been init
DEBUG 2023-07-13 08:58:58,998 - Fluent_Data class init
DEBUG 2023-07-13 08:58:58,998 - Hysql has been init
DEBUG 2023-07-13 08:58:59,076 - <mysql.connector.connection_cext.CMySQLConnection object at 0x7fd7d590b990>
DEBUG 2023-07-13 08:58:59,080 - Starting new HTTPS connection (1): api.fluent.walchem.com:443
DEBUG 2023-07-13 08:59:10,789 - https://api.fluent.walchem.com:443 "GET /controller/current-readings/1609132082 HTTP/1.1" 200 None
DEBUG 2023-07-13 08:59:10,790 - API_X_RATE_LIMIT Calls left: 30
DEBUG 2023-07-13 08:59:10,798 - DEV_LOOKUP Doing device lookup of 1609132082 with response of <Response [200]>
DEBUG 2023-07-13 08:59:10,802 - READING_FUNC Dataclass hardware name has been assigned Sensor (S11) based on S11
DEBUG 2023-07-13 08:59:10,806 - READING_FUNC Setting the received_datetime to 2023-07-13 08:59:10
DEBUG 2023-07-13 08:59:10,810 - READING_FUNC Dataclass hardware name has been assigned Sensor Temperature (S12) based on S12
DEBUG 2023-07-13 08:59:10,814 - READING_FUNC Setting the received_datetime to 2023-07-13 08:59:10
DEBUG 2023-07-13 08:59:10,819 - READING_FUNC Dataclass hardware name has been assigned Sensor Temperature (S22) based on S22
DEBUG 2023-07-13 08:59:10,823 - READING_FUNC Setting the received_datetime to 2023-07-13 08:59:10
DEBUG 2023-07-13 08:59:10,827 - READING_FUNC Dataclass hardware name has been assigned Sensor (S21) based on S21
DEBUG 2023-07-13 08:59:10,831 - READING_FUNC Setting the received_datetime to 2023-07-13 08:59:10
DEBUG 2023-07-13 08:59:10,835 - READING_FUNC Dataclass hardware name has been assigned FlowMeter Total (D1) based on D1
DEBUG 2023-07-13 08:59:10,839 - READING_FUNC Setting the received_datetime to 2023-07-13 08:59:10
DEBUG 2023-07-13 08:59:10,842 - READING_FUNC Dataclass hardware name has been assigned FlowMeter Rate (D1) based on D1
DEBUG 2023-07-13 08:59:10,846 - READING_FUNC Setting the received_datetime to 2023-07-13 08:59:10
DEBUG 2023-07-13 08:59:10,850 - READING_FUNC Dataclass hardware name has been assigned Generic (D2) based on D2
DEBUG 2023-07-13 08:59:10,854 - READING_FUNC Setting the received_datetime to 2023-07-13 08:59:10
DEBUG 2023-07-13 08:59:10,858 - READING_FUNC Dataclass hardware name has been assigned None based on R1
DEBUG 2023-07-13 08:59:10,862 - READING_FUNC Setting the received_datetime to 2023-07-13 08:59:10
DEBUG 2023-07-13 08:59:10,866 - READING_FUNC Dataclass hardware name has been assigned None based on R4
DEBUG 2023-07-13 08:59:10,870 - READING_FUNC Setting the received_datetime to 2023-07-13 08:59:10
DEBUG 2023-07-13 08:59:10,874 - READING_FUNC Dataclass hardware name has been assigned None based on R5
DEBUG 2023-07-13 08:59:10,878 - READING_FUNC Setting the received_datetime to 2023-07-13 08:59:10
DEBUG 2023-07-13 08:59:10,882 - READING_FUNC Dataclass hardware name has been assigned None based on R2
DEBUG 2023-07-13 08:59:10,886 - READING_FUNC Setting the received_datetime to 2023-07-13 08:59:10
DEBUG 2023-07-13 08:59:10,890 - READING_FUNC Dataclass hardware name has been assigned None based on R6
DEBUG 2023-07-13 08:59:10,894 - READING_FUNC Setting the received_datetime to 2023-07-13 08:59:10
DEBUG 2023-07-13 08:59:10,898 - READING_FUNC Dataclass hardware name has been assigned None based on R3
DEBUG 2023-07-13 08:59:10,902 - READING_FUNC Setting the received_datetime to 2023-07-13 08:59:10
DEBUG 2023-07-13 08:59:10,906 - READING_FUNC Dataclass hardware name has been assigned Generic (D4) based on D4
DEBUG 2023-07-13 08:59:10,910 - READING_FUNC Setting the received_datetime to 2023-07-13 08:59:10
DEBUG 2023-07-13 08:59:10,914 - READING_FUNC Dataclass hardware name has been assigned Generic (D3) based on D3
DEBUG 2023-07-13 08:59:10,918 - READING_FUNC Setting the received_datetime to 2023-07-13 08:59:10
DEBUG 2023-07-13 17:39:00,017 - The dataclass has been init
DEBUG 2023-07-13 17:39:00,152 - Fluent_Data class init
DEBUG 2023-07-13 17:39:00,152 - Hysql has been init
DEBUG 2023-07-13 17:39:00,333 - <mysql.connector.connection_cext.CMySQLConnection object at 0x7f24a127fad0>
DEBUG 2023-07-13 17:39:00,337 - Starting new HTTPS connection (1): api.fluent.walchem.com:443
DEBUG 2023-07-13 17:39:13,854 - https://api.fluent.walchem.com:443 "GET /controller/current-readings/1609132082 HTTP/1.1" 200 None
DEBUG 2023-07-13 17:39:13,855 - API_X_RATE_LIMIT Calls left: 30
DEBUG 2023-07-13 17:39:13,855 - DEV_LOOKUP Doing device lookup of 1609132082 with response of <Response [200]>
DEBUG 2023-07-13 17:39:13,856 - READING_FUNC Dataclass hardware name has been assigned Sensor (S11) based on S11
DEBUG 2023-07-13 17:39:13,856 - READING_FUNC Setting the received_datetime to 2023-07-13 17:39:13
DEBUG 2023-07-13 17:39:13,856 - READING_FUNC Dataclass hardware name has been assigned Sensor Temperature (S12) based on S12
DEBUG 2023-07-13 17:39:13,856 - READING_FUNC Setting the received_datetime to 2023-07-13 17:39:13
DEBUG 2023-07-13 17:39:13,863 - READING_FUNC Dataclass hardware name has been assigned Sensor (S21) based on S21
DEBUG 2023-07-13 17:39:13,867 - READING_FUNC Setting the received_datetime to 2023-07-13 17:39:13
DEBUG 2023-07-13 17:39:13,872 - READING_FUNC Dataclass hardware name has been assigned Sensor Temperature (S22) based on S22
DEBUG 2023-07-13 17:39:13,877 - READING_FUNC Setting the received_datetime to 2023-07-13 17:39:13
DEBUG 2023-07-13 17:39:13,881 - READING_FUNC Dataclass hardware name has been assigned Generic (D2) based on D2
DEBUG 2023-07-13 17:39:13,885 - READING_FUNC Setting the received_datetime to 2023-07-13 17:39:13
DEBUG 2023-07-13 17:39:13,889 - READING_FUNC Dataclass hardware name has been assigned Generic (D4) based on D4
DEBUG 2023-07-13 17:39:13,893 - READING_FUNC Setting the received_datetime to 2023-07-13 17:39:13
DEBUG 2023-07-13 17:39:13,897 - READING_FUNC Dataclass hardware name has been assigned Generic (D3) based on D3
DEBUG 2023-07-13 17:39:13,901 - READING_FUNC Setting the received_datetime to 2023-07-13 17:39:13
DEBUG 2023-07-13 17:39:13,905 - READING_FUNC Dataclass hardware name has been assigned None based on R1
DEBUG 2023-07-13 17:39:13,909 - READING_FUNC Setting the received_datetime to 2023-07-13 17:39:13
DEBUG 2023-07-13 17:39:13,913 - READING_FUNC Dataclass hardware name has been assigned None based on R2
DEBUG 2023-07-13 17:39:13,917 - READING_FUNC Setting the received_datetime to 2023-07-13 17:39:13
DEBUG 2023-07-13 17:39:13,921 - READING_FUNC Dataclass hardware name has been assigned None based on R3
DEBUG 2023-07-13 17:39:13,925 - READING_FUNC Setting the received_datetime to 2023-07-13 17:39:13
DEBUG 2023-07-13 17:39:13,930 - READING_FUNC Dataclass hardware name has been assigned None based on R5
DEBUG 2023-07-13 17:39:13,934 - READING_FUNC Setting the received_datetime to 2023-07-13 17:39:13
DEBUG 2023-07-13 17:39:13,938 - READING_FUNC Dataclass hardware name has been assigned None based on R4
DEBUG 2023-07-13 17:39:13,942 - READING_FUNC Setting the received_datetime to 2023-07-13 17:39:13
DEBUG 2023-07-13 17:39:13,946 - READING_FUNC Dataclass hardware name has been assigned FlowMeter Rate (D1) based on D1
DEBUG 2023-07-13 17:39:13,950 - READING_FUNC Setting the received_datetime to 2023-07-13 17:39:13
DEBUG 2023-07-13 17:39:13,955 - READING_FUNC Dataclass hardware name has been assigned FlowMeter Total (D1) based on D1
DEBUG 2023-07-13 17:39:13,959 - READING_FUNC Setting the received_datetime to 2023-07-13 17:39:13
DEBUG 2023-07-13 17:39:13,963 - READING_FUNC Dataclass hardware name has been assigned None based on R6
DEBUG 2023-07-13 17:39:13,967 - READING_FUNC Setting the received_datetime to 2023-07-13 17:39:13
DEBUG 2023-07-13 17:39:13,974 - Fluent_Data class init
DEBUG 2023-07-13 17:39:13,976 - Hysql has been init
DEBUG 2023-07-13 17:39:14,130 - <mysql.connector.connection_cext.CMySQLConnection object at 0x7f24a070fc90>
DEBUG 2023-07-13 17:39:14,133 - Starting new HTTPS connection (1): api.fluent.walchem.com:443
DEBUG 2023-07-13 17:39:35,063 - https://api.fluent.walchem.com:443 "GET /controller/current-readings/1609132082 HTTP/1.1" 200 None
DEBUG 2023-07-13 17:39:35,063 - API_X_RATE_LIMIT Calls left: 30
DEBUG 2023-07-13 17:39:35,070 - DEV_LOOKUP Doing device lookup of 1609132082 with response of <Response [200]>
DEBUG 2023-07-13 17:39:35,074 - READING_FUNC Dataclass hardware name has been assigned Sensor (S11) based on S11
DEBUG 2023-07-13 17:39:35,078 - READING_FUNC Setting the received_datetime to 2023-07-13 17:39:35
DEBUG 2023-07-13 17:39:35,083 - READING_FUNC Dataclass hardware name has been assigned Sensor (S21) based on S21
DEBUG 2023-07-13 17:39:35,087 - READING_FUNC Setting the received_datetime to 2023-07-13 17:39:35
DEBUG 2023-07-13 17:39:35,091 - READING_FUNC Dataclass hardware name has been assigned Sensor Temperature (S12) based on S12
DEBUG 2023-07-13 17:39:35,095 - READING_FUNC Setting the received_datetime to 2023-07-13 17:39:35
DEBUG 2023-07-13 17:39:35,098 - READING_FUNC Dataclass hardware name has been assigned FlowMeter Rate (D1) based on D1
DEBUG 2023-07-13 17:39:35,102 - READING_FUNC Setting the received_datetime to 2023-07-13 17:39:35
DEBUG 2023-07-13 17:39:35,102 - READING_FUNC Dataclass hardware name has been assigned FlowMeter Total (D1) based on D1
DEBUG 2023-07-13 17:39:35,106 - READING_FUNC Setting the received_datetime to 2023-07-13 17:39:35
DEBUG 2023-07-13 17:39:35,106 - READING_FUNC Dataclass hardware name has been assigned Sensor Temperature (S22) based on S22
DEBUG 2023-07-13 17:39:35,110 - READING_FUNC Setting the received_datetime to 2023-07-13 17:39:35
DEBUG 2023-07-13 17:39:35,114 - READING_FUNC Dataclass hardware name has been assigned Generic (D2) based on D2
DEBUG 2023-07-13 17:39:35,114 - READING_FUNC Setting the received_datetime to 2023-07-13 17:39:35
DEBUG 2023-07-13 17:39:35,118 - READING_FUNC Dataclass hardware name has been assigned Generic (D3) based on D3
DEBUG 2023-07-13 17:39:35,121 - READING_FUNC Setting the received_datetime to 2023-07-13 17:39:35
DEBUG 2023-07-13 17:39:35,121 - READING_FUNC Dataclass hardware name has been assigned Generic (D4) based on D4
DEBUG 2023-07-13 17:39:35,125 - READING_FUNC Setting the received_datetime to 2023-07-13 17:39:35
DEBUG 2023-07-13 17:39:35,129 - READING_FUNC Dataclass hardware name has been assigned None based on R1
DEBUG 2023-07-13 17:39:35,133 - READING_FUNC Setting the received_datetime to 2023-07-13 17:39:35
DEBUG 2023-07-13 17:39:35,137 - READING_FUNC Dataclass hardware name has been assigned None based on R2
DEBUG 2023-07-13 17:39:35,141 - READING_FUNC Setting the received_datetime to 2023-07-13 17:39:35
DEBUG 2023-07-13 17:39:35,145 - READING_FUNC Dataclass hardware name has been assigned None based on R3
DEBUG 2023-07-13 17:39:35,149 - READING_FUNC Setting the received_datetime to 2023-07-13 17:39:35
DEBUG 2023-07-13 17:39:35,153 - READING_FUNC Dataclass hardware name has been assigned None based on R4
DEBUG 2023-07-13 17:39:35,157 - READING_FUNC Setting the received_datetime to 2023-07-13 17:39:35
DEBUG 2023-07-13 17:39:35,161 - READING_FUNC Dataclass hardware name has been assigned None based on R6
DEBUG 2023-07-13 17:39:35,165 - READING_FUNC Setting the received_datetime to 2023-07-13 17:39:35
DEBUG 2023-07-13 17:39:35,173 - Fluent_Data class init
DEBUG 2023-07-13 17:39:35,174 - Hysql has been init
DEBUG 2023-07-13 17:39:35,335 - <mysql.connector.connection_cext.CMySQLConnection object at 0x7f24a07167d0>
DEBUG 2023-07-13 17:39:35,337 - Starting new HTTPS connection (1): api.fluent.walchem.com:443
DEBUG 2023-07-13 17:39:40,818 - https://api.fluent.walchem.com:443 "GET /controller/current-readings/1609132082 HTTP/1.1" 200 None
DEBUG 2023-07-13 17:39:40,818 - API_X_RATE_LIMIT Calls left: 30
DEBUG 2023-07-13 17:39:40,825 - DEV_LOOKUP Doing device lookup of 1609132082 with response of <Response [200]>
DEBUG 2023-07-13 17:39:40,829 - READING_FUNC Dataclass hardware name has been assigned Sensor (S11) based on S11
DEBUG 2023-07-13 17:39:40,833 - READING_FUNC Setting the received_datetime to 2023-07-13 17:39:40
DEBUG 2023-07-13 17:39:40,837 - READING_FUNC Dataclass hardware name has been assigned Sensor Temperature (S12) based on S12
DEBUG 2023-07-13 17:39:40,841 - READING_FUNC Setting the received_datetime to 2023-07-13 17:39:40
DEBUG 2023-07-13 17:39:40,845 - READING_FUNC Dataclass hardware name has been assigned Sensor (S21) based on S21
DEBUG 2023-07-13 17:39:40,849 - READING_FUNC Setting the received_datetime to 2023-07-13 17:39:40
DEBUG 2023-07-13 17:39:40,854 - READING_FUNC Dataclass hardware name has been assigned Sensor Temperature (S22) based on S22
DEBUG 2023-07-13 17:39:40,858 - READING_FUNC Setting the received_datetime to 2023-07-13 17:39:40
DEBUG 2023-07-13 17:39:40,862 - READING_FUNC Dataclass hardware name has been assigned FlowMeter Rate (D1) based on D1
DEBUG 2023-07-13 17:39:40,866 - READING_FUNC Setting the received_datetime to 2023-07-13 17:39:40
DEBUG 2023-07-13 17:39:40,870 - READING_FUNC Dataclass hardware name has been assigned FlowMeter Total (D1) based on D1
DEBUG 2023-07-13 17:39:40,874 - READING_FUNC Setting the received_datetime to 2023-07-13 17:39:40
DEBUG 2023-07-13 17:39:40,878 - READING_FUNC Dataclass hardware name has been assigned Generic (D2) based on D2
DEBUG 2023-07-13 17:39:40,882 - READING_FUNC Setting the received_datetime to 2023-07-13 17:39:40
DEBUG 2023-07-13 17:39:40,886 - READING_FUNC Dataclass hardware name has been assigned Generic (D3) based on D3
DEBUG 2023-07-13 17:39:40,890 - READING_FUNC Setting the received_datetime to 2023-07-13 17:39:40
DEBUG 2023-07-13 17:39:40,894 - READING_FUNC Dataclass hardware name has been assigned Generic (D4) based on D4
DEBUG 2023-07-13 17:39:40,898 - READING_FUNC Setting the received_datetime to 2023-07-13 17:39:40
DEBUG 2023-07-13 17:39:40,903 - READING_FUNC Dataclass hardware name has been assigned None based on R1
DEBUG 2023-07-13 17:39:40,907 - READING_FUNC Setting the received_datetime to 2023-07-13 17:39:40
DEBUG 2023-07-13 17:39:40,911 - READING_FUNC Dataclass hardware name has been assigned None based on R2
DEBUG 2023-07-13 17:39:40,915 - READING_FUNC Setting the received_datetime to 2023-07-13 17:39:40
DEBUG 2023-07-13 17:39:40,918 - READING_FUNC Dataclass hardware name has been assigned None based on R5
DEBUG 2023-07-13 17:39:40,923 - READING_FUNC Setting the received_datetime to 2023-07-13 17:39:40
DEBUG 2023-07-13 17:39:40,927 - READING_FUNC Dataclass hardware name has been assigned None based on R3
DEBUG 2023-07-13 17:39:40,931 - READING_FUNC Setting the received_datetime to 2023-07-13 17:39:40
DEBUG 2023-07-13 17:39:40,935 - READING_FUNC Dataclass hardware name has been assigned None based on R6
DEBUG 2023-07-13 17:39:40,939 - READING_FUNC Setting the received_datetime to 2023-07-13 17:39:40
DEBUG 2023-07-13 17:39:40,943 - READING_FUNC Dataclass hardware name has been assigned None based on R4
DEBUG 2023-07-13 17:39:40,947 - READING_FUNC Setting the received_datetime to 2023-07-13 17:39:40
DEBUG 2023-07-13 17:39:40,954 - Fluent_Data class init
DEBUG 2023-07-13 17:39:40,955 - Hysql has been init
DEBUG 2023-07-13 17:51:56,822 - The dataclass has been init
DEBUG 2023-07-13 17:51:56,872 - Fluent_Data class init
DEBUG 2023-07-13 17:51:56,872 - Hysql has been init
DEBUG 2023-07-13 17:51:57,419 - <mysql.connector.connection_cext.CMySQLConnection object at 0x7ff4d6e27a90>
DEBUG 2023-07-13 17:51:57,426 - Starting new HTTPS connection (1): api.fluent.walchem.com:443
DEBUG 2023-07-13 17:52:06,922 - https://api.fluent.walchem.com:443 "GET /controller/current-readings/1609132082 HTTP/1.1" 200 None
DEBUG 2023-07-13 17:52:06,923 - API_X_RATE_LIMIT Calls left: 30
DEBUG 2023-07-13 17:52:06,931 - DEV_LOOKUP Doing device lookup of 1609132082 with response of <Response [200]>
DEBUG 2023-07-13 17:52:06,935 - READING_FUNC Dataclass hardware name has been assigned Sensor (S11) based on S11
DEBUG 2023-07-13 17:52:06,939 - READING_FUNC Setting the received_datetime to 2023-07-13 17:52:06
DEBUG 2023-07-13 17:52:06,944 - READING_FUNC Dataclass hardware name has been assigned Sensor (S21) based on S21
DEBUG 2023-07-13 17:52:06,948 - READING_FUNC Setting the received_datetime to 2023-07-13 17:52:06
DEBUG 2023-07-13 17:52:06,952 - READING_FUNC Dataclass hardware name has been assigned Sensor Temperature (S12) based on S12
DEBUG 2023-07-13 17:52:06,957 - READING_FUNC Setting the received_datetime to 2023-07-13 17:52:06
DEBUG 2023-07-13 17:52:06,962 - READING_FUNC Dataclass hardware name has been assigned Sensor Temperature (S22) based on S22
DEBUG 2023-07-13 17:52:06,966 - READING_FUNC Setting the received_datetime to 2023-07-13 17:52:06
DEBUG 2023-07-13 17:52:06,971 - READING_FUNC Dataclass hardware name has been assigned Generic (D2) based on D2
DEBUG 2023-07-13 17:52:06,975 - READING_FUNC Setting the received_datetime to 2023-07-13 17:52:06
DEBUG 2023-07-13 17:52:06,980 - READING_FUNC Dataclass hardware name has been assigned Generic (D3) based on D3
DEBUG 2023-07-13 17:52:06,984 - READING_FUNC Setting the received_datetime to 2023-07-13 17:52:06
DEBUG 2023-07-13 17:52:06,988 - READING_FUNC Dataclass hardware name has been assigned None based on R1
DEBUG 2023-07-13 17:52:06,992 - READING_FUNC Setting the received_datetime to 2023-07-13 17:52:06
DEBUG 2023-07-13 17:52:06,996 - READING_FUNC Dataclass hardware name has been assigned FlowMeter Rate (D1) based on D1
DEBUG 2023-07-13 17:52:07,000 - READING_FUNC Setting the received_datetime to 2023-07-13 17:52:07
DEBUG 2023-07-13 17:52:07,004 - READING_FUNC Dataclass hardware name has been assigned FlowMeter Total (D1) based on D1
DEBUG 2023-07-13 17:52:07,009 - READING_FUNC Setting the received_datetime to 2023-07-13 17:52:07
DEBUG 2023-07-13 17:52:07,013 - READING_FUNC Dataclass hardware name has been assigned None based on R2
DEBUG 2023-07-13 17:52:07,017 - READING_FUNC Setting the received_datetime to 2023-07-13 17:52:07
DEBUG 2023-07-13 17:52:07,021 - READING_FUNC Dataclass hardware name has been assigned None based on R3
DEBUG 2023-07-13 17:52:07,024 - READING_FUNC Setting the received_datetime to 2023-07-13 17:52:07
DEBUG 2023-07-13 17:52:07,029 - READING_FUNC Dataclass hardware name has been assigned Generic (D4) based on D4
DEBUG 2023-07-13 17:52:07,033 - READING_FUNC Setting the received_datetime to 2023-07-13 17:52:07
DEBUG 2023-07-13 17:52:07,037 - READING_FUNC Dataclass hardware name has been assigned None based on R4
DEBUG 2023-07-13 17:52:07,041 - READING_FUNC Setting the received_datetime to 2023-07-13 17:52:07
DEBUG 2023-07-13 17:52:07,045 - READING_FUNC Dataclass hardware name has been assigned None based on R5
DEBUG 2023-07-13 17:52:07,049 - READING_FUNC Setting the received_datetime to 2023-07-13 17:52:07
DEBUG 2023-07-13 17:52:07,053 - READING_FUNC Dataclass hardware name has been assigned None based on R6
DEBUG 2023-07-13 17:52:07,057 - READING_FUNC Setting the received_datetime to 2023-07-13 17:52:07
DEBUG 2023-07-13 18:02:32,119 - The dataclass has been init
DEBUG 2023-07-13 18:06:01,759 - The dataclass has been init
DEBUG 2023-07-13 18:06:44,863 - The dataclass has been init
DEBUG 2023-07-13 18:07:18,537 - The dataclass has been init
DEBUG 2023-07-13 18:07:51,761 - The dataclass has been init
DEBUG 2023-07-13 18:22:36,030 - The dataclass has been init
DEBUG 2023-07-13 18:23:32,899 - The dataclass has been init
DEBUG 2023-07-13 18:25:45,192 - The dataclass has been init
DEBUG 2023-07-13 18:26:41,849 - The dataclass has been init
DEBUG 2023-07-13 18:46:20,393 - The dataclass has been init
DEBUG 2023-07-13 18:47:24,667 - The dataclass has been init
DEBUG 2023-07-13 18:48:30,732 - The dataclass has been init
DEBUG 2023-07-13 18:48:48,068 - The dataclass has been init
DEBUG 2023-07-13 18:49:15,449 - The dataclass has been init
DEBUG 2023-07-13 18:49:27,274 - The dataclass has been init
